Removed Pin From Net: NetName=NetC1_1 Pin=C1-1
Removed Pin From Net: NetName=NetC1_2 Pin=C1-2
Removed Pin From Net: NetName=GND Pin=C3-1
Change Component Comment : Designator=R4 Old Comment=1K New Comment=Res2
Change Component Comment : Designator=R2 Old Comment=3K New Comment=Res2
Change Component Comment : Designator=C1 Old Comment=10uF New Comment=Cap
Change Component Comment : Designator=C3 Old Comment=10uF New Comment=Cap
Change Component Comment : Designator=R3 Old Comment=15K New Comment=Res2
Change Component Comment : Designator=R1 Old Comment=75K New Comment=Res2
Change Component Designator: OldDesignator=C1 NewDesignator= 
Added Pin To Net: NetName=NetC1_2 Pin= -1
Added Pin To Net: NetName=NetC1_1 Pin= -2
Added Pin To Net: NetName=GND Pin=C3-2
Change Net Name : Old Net Name=NetC1_1 New Net Name=Net _2
Change Net Name : Old Net Name=NetC1_2 New Net Name=Net _1
Added Pin To Net: NetName=NetC2_2 Pin=C2-2
Added Pin To Net: NetName=NetC2_2 Pin=R2-1
Added Pin To Net: NetName=NetC2_2 Pin=V1-3
Added Net: Name=NetC2_2
Added Pin To Net: NetName=NetC3_1 Pin=C3-1
Added Pin To Net: NetName=NetC3_1 Pin=R4-2
Added Pin To Net: NetName=NetC3_1 Pin=V1-1
Added Net: Name=NetC3_1
Added Room: Name=共E单管放大
